00000000                            GEMSSoundDrv:					; TODO - Make this a compiled z80 script or binary blob
00000000 F3                         		dc.b	$F3
00000001 ED56                       		dc.b	$ED, $56
00000003 3120 1B                    		dc.b	$31, $20, $1B
00000006 C3C3 08                    		dc.b	$C3, $C3, $08
00000009 0000 0000                  		dc.b	$00, $00, $00, $00
0000000D FFFF FFFF                  		dc.b	$FF, $FF, $FF, $FF
00000011 0000 0000                  		dc.b	$00, $00, $00, $00
00000015 0000 0000                  		dc.b	$00, $00, $00, $00
00000019 0000 0000                  		dc.b	$00, $00, $00, $00
0000001D 0000 0000                  		dc.b	$00, $00, $00, $00
00000021 0000 0000                  		dc.b	$00, $00, $00, $00
00000025 0000 0000                  		dc.b	$00, $00, $00, $00
00000029 0000 0000                  		dc.b	$00, $00, $00, $00
0000002D 0000 0000                  		dc.b	$00, $00, $00, $00
00000031 0000 0000                  		dc.b	$00, $00, $00, $00
00000035 00                         		dc.b	$00
00000036 00                         		dc.b	$00
00000037 00                         		dc.b	$00
00000038 ED73 3E00                  		dc.b	$ED, $73, $3E, $00
0000003C ED4D                       		dc.b	$ED, $4D
0000003E 0000                       		dc.b	$00, $00
00000040 00                         		dc.b	$00
00000041 F3                         		dc.b	$F3
00000042 F5E5 213F 007E B728 1736+  		dc.l $F5E5213F, $7EB728, $17360023, $34CDB702, $D52AC008
00000056 ED5B BE08 1922 C008        		dc.l $ED5BBE08, $1922C008
0000005E D1                         		dc.b $D1
0000005F CDB7 02                    		dc.b $CD, $B7, 2
00000062 E1F1 FBC9 FD21 0900 2111+  		dc.l $E1F1FBC9, $FD210900, $21117F16, $801E04CD, $B702FD4E
00000076 00FD 3600 00CB 5128 19FD+  		dc.l $FD3600, $CB5128, $19FD3604, $FFFD3628, $1FD3618
0000008A 003E 01BB 2008 DD21 CA17+  		dc.l $3E01BB, $2008DD21, $CA17DDCB, $AECB49, $280FFD7E
0000009E 18FE 0028 08FD 3628 01FD+  		dc.l $18FE0028, $8FD3628, $1FD3618, $4CB4128, $1AFD3604
000000B2 FFFD 7E1C B277 3E01 BB28+  		dc.l $FFFD7E1C, $B2773E01, $BB2804FD, $7E2077FD, $362801FD
000000C6 3618 01CD B702 FD7E 18FE+  		dc.l $361801CD, $B702FD7E, $18FE00CA, $5C01FE01, $2026FD36
000000DA 2801 FD7E 04FD 4624 FD96+  		dc.l $2801FD7E, $4FD4624, $FD960838, $D280BB8, $38082806
000000EE FD77 04C3 5C01 FD70 04FD+  		dc.l $FD7704C3, $5C01FD70, $4FD3618, $2C35C01, $FE02C232
00000102 01FD 3628 01FD 7E04 FD46+  		dc.l $1FD3628, $1FD7E04, $FD4610B8, $380C2817, $FD960C38
00000116 12B8 380F 1808 FD86 0C38+  		dc.l $12B8380F, $1808FD86, $C3808B8, $3005FD77, $41833FD
0000012A 7004 FD36 1803 182A FE04+  		dc.l $7004FD36, $1803182A, $FE042026, $FD362801, $FD7E04FD
0000013E 8614 3805 FD77 0418 15FD+  		dc.l $86143805, $FD770418, $15FD3604, $FFFD3618, $3E01BB
00000152 2008 DD21 CA17 DDCB 00AE+  		dc.l $2008DD21, $CA17DDCB, $AEFD23, $3E208257, $1DC27100
00000166 CDB7 02FD 2109 00FD CB28+  		dc.l $CDB702FD, $210900FD, $CB284628, $12FD3628, $FD7E04
0000017A CB3F CB3F CB3F CB3F        		dc.l $CB3FCB3F, $CB3FCB3F
00000182 F690 77FD CB29 4628 12FD+  		dc.l $F69077FD, $CB294628, $12FD3629, $FD7E05
00000192 CB3F CB3F CB3F CB3F        		dc.l $CB3FCB3F, $CB3FCB3F
0000019A F6B0 77FD CB2A 4628 12FD+  		dc.l $F6B077FD, $CB2A4628, $12FD362A, $FD7E06
000001AA CB3F CB3F CB3F CB3F        		dc.l $CB3FCB3F, $CB3FCB3F
000001B2 F6D0 77FD CB2B 4628 12FD+  		dc.l $F6D077FD, $CB2B4628, $12FD362B, $FD7E07
000001C2 CB3F CB3F CB3F CB3F        		dc.l $CB3FCB3F, $CB3FCB3F
000001CA F6F0 77CD B702 C9C5 E5CD+  		dc.l $F6F077CD, $B702C9C5, $E5CDB702, $CD02033A, $3600473A
000001DE 3700 B828 F006 004F 2140+  		dc.l $3700B828, $F006004F, $21401BCD, $B702093C, $E63F3237
000001F2 007E E1C1 C900 00CD B702+  		dc.l $7EE1C1, $C90000CD, $B702DDE5, $DD21201B, $22F701CB
00000206 BC06 000D 09CB 7C20 0B2A+  		dc.l $BC06000D, $9CB7C20, $B2AF701, $C47CD3D, $2DDE1C9
0000021A 47C5 E579 954F 2AF7 01CD+  		dc.l $47C5E579, $954F2AF7, $1CD3D02, $E1C14D0C, $3AF801E6
0000022E 80C6 8067 2E00 3001 04CD+  		dc.l $80C68067, $2E003001, $4CD3D02, $DDE1C9CD, $B702D511
00000242 0060 7CCB 0712 7812        		dc.l $607CCB, $7127812
0000024A 1F12 1F12 1F12 1F12 1F12+  		dc.l $1F121F12, $1F121F12, $1F121F12
00000256 1F12 D1CB FC79 0600 CDB7+  		dc.l $1F12D1CB, $FC790600, $CDB702DD, $CB01C6D6, $738110E
0000026A 06DD CB00 4620 1CED B0CD+  		dc.l $6DDCB00, $46201CED, $B0CDB702, $D60630EF, $C6074FDD
0000027E CB00                       		dc.b $CB, $00
00000280 46                         		dc.b $46
00000281 20                         		dc.b $20
00000282 1DED B0CD B702 DDCB 0186+  		dc.l $1DEDB0CD, $B702DDCB, $186C9DD, $CB0186CD, $B702DDCB
00000296 0046 20F7 DDCB 01C6 18D1+  		dc.l $4620F7, $DDCB01C6, $18D1DDCB, $186CDB7, $2DDCB00
000002AA 4620 F7DD CB01 C618 D000+  		dc.l $4620F7DD, $CB01C618, $D0000000, $182636, $27CB46CA
000002BE BB02 2C70 2D1A 1826 001C+  		dc.l $BB022C70, $2D1A1826, $1C362A, $23772D08, $D9C9083A
000002D2 B302 32B7 023A B402 32B8+  		dc.l $B30232B7, $23AB402, $32B80208, $C9083ED9, $32B7023E
000002E6 0832 B802 08C9 CB09 3808+  		dc.l $832B802, $8C9CB09, $38081717, $1717E6F0, $18D01C18
000002FA F900 0000 0000 0000        		dc.l $F9000000, 0
00000302 C9F5 3AFB 02D9 ABD9 E680+  		dc.l $C9F53AFB, $2D9ABD9, $E6802006, $F1C9CD41, $F5CDB7
00000316 02C5 D5E5 3A01 03FE 07D2+  		dc.l $2C5D5E5, $3A0103FE, $7D2CC03, $2AFF0201, $8000373F
0000032A ED42 382E 282C 22FF 0216+  		dc.l $ED42382E, $282C22FF, $2161F3A, $FB025FC6, $8032FB02
0000033E 2AFC 023A FE02 CDF9 012A+  		dc.l $2AFC023A, $FE02CDF9, $12AFC02, $3AFE0201, $800009CE
00000352 0022 FC02 32FE 02C3 EA03+  		dc.l $22FC02, $32FE02C3, $EA037DC6, $804F0600, $C5161F3A
00000366 FB02 5FC6 8032 FB02 2AFC+  		dc.l $FB025FC6, $8032FB02, $2AFC023A, $FE02CDF9, $1C13A01
0000037A 03FE 05C2 CC03 2AFC 023A+  		dc.l $3FE05C2, $CC032AFC, $23AFE02, $C509CE00, $ED4B2914
0000038E 373F ED42 DE00 22FC 0232+  		dc.l $373FED42, $DE0022FC, $232FE02, $ED43FF02, $C13E8091
000003A2 4FCA EA03 2AFF 0237 3FED+  		dc.l $4FCAEA03, $2AFF0237, $3FED4222, $FF022AFC, $23AFE02
000003B6 C5CD F901 C12A FC02 3AFE+  		dc.l $C5CDF901, $C12AFC02, $3AFE0209, $CE0022FC, $232FE02
000003CA 181E 3EC9 32B7 0232 0203+  		dc.l $181E3EC9, $32B70232, $2032100, $40362B23, $360021AD
000003DE 1736 C623 2323 2336 0023+  		dc.l $1736C623, $23232336, $233600, $E1D1C1F1, $C9CDB702
000003F2 C5E5 DD7E 03DD 9600 4FDD+  		dc.l $C5E5DD7E, $3DD9600, $4FDD7E04, $DD9E0120, $2ADD7E05
00000406 DD9E 0220 2279 FE10 301D+  		dc.l $DD9E0220, $2279FE10, $301DCDB7, $206002A, $5404097E
0000041A DD34 0320 08DD 3404 2003+  		dc.l $DD340320, $8DD3404, $2003DD34, $5E1C1CD, $B702C9CD
0000042E B702 CD41 00D5 ED5B 5404+  		dc.l $B702CD41, $D5ED5B, $5404DD6E, $3DD7500, $DD6604DD
00000442 7401 DD7E 05DD 7702 0E10+  		dc.l $7401DD7E, $5DD7702, $E10CDF9, $1D10E00, $18BC0000
00000456 0000 DD21 801B 2180 1D22+  		dc.l $DD21, $801B2180, $1D225404, $21861822, $56043AC2
0000046A 084F 3E10 0600 181A CDB7+  		dc.l $84F3E10, $600181A, $CDB70211, $2000DD19, $2A54041E
0000047E 1019 2254 042A 5604 1E27+  		dc.l $10192254, $42A5604, $1E271922, $5604DDCB, $666281D
00000492 DDCB 065E 2006 CB49 2006+  		dc.l $DDCB065E, $2006CB49, $20061811, $CB41280D, $CDB702F5
000004A6 C5CD 0203 CDB4 04C1 F104+  		dc.l $C5CD0203, $CDB404C1, $F1043D20, $BFC9DD34, $7C0DD34
000004BA 08C0 CDEF 03CB 7FCA 4705+  		dc.l $8C0CDEF, $3CB7FCA, $4705CB77, $283FE63F, $5F1600CD
000004CE EF03 CB7F 2822 CB77 281E+  		dc.l $EF03CB7F, $2822CB77, $281ECB23
000004DA CB12 CB23 CB12 CB23 CB12+  		dc.l $CB12CB23, $CB12CB23, $CB12CB23, $CB12CB23, $CB12CB23
000004EE CB12 E63F B35F 18D7 677B+  		dc.l $CB12E63F, $B35F18D7, $677B2F5F, $7A2F5713, $DD7309DD
00000502 720A 7C18 B8E6 3F5F 1600+  		dc.l $720A7C18, $B8E63F5F, $1600CDEF, $3CB7F28, $22CB7720
00000516 1ECB 23CB                  		dc.l $1ECB23CB
0000051A 12CB 23CB 12CB 23CB 12CB+  		dc.l $12CB23CB, $12CB23CB, $12CB23CB, $12CB23CB, $12CB23CB
0000052E 12E6 3FB3 5F18 D767 7B2F+  		dc.l $12E63FB3, $5F18D767, $7B2F5F7A, $2F5713DD, $730BDD72
00000542 0C7C C3BF 04FE 6030 25DD+  		dc.l $C7CC3BF, $4FE6030, $25DDCB06, $4E200AC5, $DDE54FCD
00000556 0612 DDE1 C1CD B702 DD5E+  		dc.l $612DDE1, $C1CDB702, $DD5E09DD, $560A7AB3, $CABC04DD
0000056A 7307 DD72 08C9 D660 CA06+  		dc.l $7307DD72, $8C9D660, $CA06063D, $CA13063D, $CAC0053D
0000057E CA5B 053D CA21 063D CA4C+  		dc.l $CA5B053D, $CA21063D, $CA4C063D, $CADD053D, $CAF2053D
00000592 CA8B 063D CA96 063D CAD3+  		dc.l $CA8B063D, $CA96063D, $CAD3063D, $CADC063D, $CAEB063D
000005A6 CA0C 073D CA13 073D CA25+  		dc.l $CA0C073D, $CA13073D, $CA25073D, $CA4B073D, $CA52073D
000005BA CAA6 07C3 BC04 CDEF 03DD+  		dc.l $CAA607C3, $BC04CDEF, $3DD771D, $DDCB0676, $C25B05C5
000005CE DDE5 58DD 4E1D CD2D 0EDD+  		dc.l $DDE558DD, $4E1DCD2D, $EDDE1C1, $C35B05CD, $EF03B7C2
000005E2 EB05 DDCB 06B6 C35B 05DD+  		dc.l $EB05DDCB, $6B6C35B, $5DDCB06, $F6C35B05, $CDEF03B7
000005F6 2007 DDCB 06BE C35B 05DD+  		dc.l $2007DDCB, $6BEC35B, $5DDCB06, $FEC35B05, $DD360600
0000060A DD36 0B00 DD36 0C00 C9CD+  		dc.l $DD360B00, $DD360C00, $C9CDEF03, $DD770DC5, $CD3717C1
0000061E C35B 05DD E5FD E111 1000+  		dc.l $C35B05DD, $E5FDE111, $1000FD19, $110300FD, $7E00B728
00000632 04FD 1918 F6CD EF03 FD77+  		dc.l $4FD1918, $F6CDEF03, $FD7700DD, $7E03FD77, $1DD7E04
00000646 FD77 02C3 BC04 DDE5 FDE1+  		dc.l $FD7702C3, $BC04DDE5, $FDE11119, $FD1911, $FDFFFD7E
0000065A 00B7 2004 FD19 18F6 FE7F+  		dc.l $B72004, $FD1918F6, $FE7F2807, $3DFD7700, $CABC04FD
0000066E 6E01 DD5E 03DD 7503 FD66+  		dc.l $6E01DD5E, $3DD7503, $FD6602DD, $5604DD74, $4373FED
00000682 5238 03DD 3505 C3BC 04CD+  		dc.l $523803DD, $3505C3BC, $4CDEF03, $C628CD1B, $EC35B05
00000696 CDEF 0367 2E10 FD21 801B+  		dc.l $CDEF0367, $2E10FD21, $801B1120, $FDCB06, $462810FD
000006AA 7E0E DDBE 0E20 087C E60F+  		dc.l $7E0EDDBE, $E20087C, $E60FFDBE, $F28082D, $CA5B05FD
000006BE 1918 E2CB 6420 07FD CB06+  		dc.l $1918E2CB, $642007FD, $CB06CEC3, $5B05FDCB, $68EC35B
000006D2 05CD EF03 DD77 1CC3 5B05+  		dc.l $5CDEF03, $DD771CC3, $5B05CDEF, $3DDE5C5, $CDDF0BC1
000006E6 DDE1 C35B 05FD 2176 0F58+  		dc.l $DDE1C35B, $5FD2176, $F581600, $FD19CDEF, $3FD7700
000006FA CDEF 03FD 7710 FDCB 40C6+  		dc.l $CDEF03FD, $7710FDCB, $40C63E01, $32750FC3, $5B05DDCB
0000070E 06DE C35B 05CD EF03 572A+  		dc.l $6DEC35B, $5CDEF03, $572A5604, $7EFE01C2, $5B052372
00000722 C35B 05CD EF03 6FCD EF03+  		dc.l $C35B05CD, $EF036FCD, $EF036717, $3E00DE00, $57DD7E03
00000736 85DD 7703 DD7E 048C DD77+  		dc.l $85DD7703, $DD7E048C, $DD7704DD, $7E058ADD, $7705C3BC
0000074A 04CD 9807 77C3 5B05 CD98+  		dc.l $4CD9807, $77C35B05, $CD980757, $CDEF0315, $2005BE20
0000075E 3318 2715 2005 BE38 2B18+  		dc.l $33182715, $2005BE38, $2B181F15, $2007BE38, $23282118
00000772 1515 2007 BE38 0F28 0D18+  		dc.l $15152007, $BE380F28, $D181515, $2005BE30, $F1803BE
00000786 280A CDEF 036F 2600 1600+  		dc.l $280ACDEF, $36F2600, $160018A1, $CDEF03C3, $BC04CDEF
0000079A 035F 1600 2122 1B19 CDEF+  		dc.l $35F1600, $21221B19, $CDEF03C9, $CDEF0357, $CDEF035F
000007AE 7AFE 00CA DB07 FE01 CAE8+  		dc.l $7AFE00CA, $DB07FE01, $CAE807FE, $2CAFA07, $FE03CAF5
000007C2 07FE 0428 07FE 0528 0AC3+  		dc.l $7FE0428, $7FE0528, $AC35B05, $7B32CF15, $C35B05DD
000007D6 731E C35B 05DD E5C5 7BCD+  		dc.l $731EC35B, $5DDE5C5, $7BCD9E0C, $C1DDE1C3, $5B057BDD
000007EA E5C5 CDD1 0CC1 DDE1 C35B+  		dc.l $E5C5CDD1, $CC1DDE1, $C35B053A, $221B18EF, $DDE5C5CD
000007FE 890B C1DD E1C3 5B05 1107+  		dc.l $890BC1DD, $E1C35B05, $1107003A, $C2084726, $DD2191
00000812 17CD 2808 24DD 21BC 17CD+  		dc.l $17CD2808, $24DD21BC, $17CD2808, $DD21D217, $CD2808C9
00000826 DD19 DD7E 00FE FFC8 CDB7+  		dc.l $DD19DD7E, $FEFFC8, $CDB702CB, $5F2006CB, $4828ED18
0000083A 04CB 4028 E7CB 7728 0CDD+  		dc.l $4CB4028, $E7CB7728, $CDD3506, $20DECBB7, $DD770018
0000084E D7CB 6728 D3E6 074F DD34+  		dc.l $D7CB6728, $D3E6074F, $DD340420, $CBDD3405, $20C6DDCB
00000862 00A6 DDCB 009E DD7E 00E6+  		dc.l $A6DDCB, $9EDD7E, $E62FFE, $26282FDD, $CB00F6DD, $CB00FECB
0000087A 4428 0F59 FD21 0900 FD19+  		dc.l $44280F59, $FD210900, $FD191E07, $FDCB00CE, $189AFD21
0000088E 0040 79FD CB00 7E20 FAFD+  		dc.l $4079FD, $CB007E20, $FAFD3600, $28FD7701, $1886CD12
000008A2 1718 81CD D101 1600 5FCB+  		dc.l $171881CD, $D1011600, $5FCB23CB
000008AE 23CB 23CB 23CB 23CB        		dc.l $23CB23CB, $23CB23CB
000008B6 12DD 2180 1BDD 19C9 CC00+  		dc.l $12DD2180, $1BDD19C9, $CC000000, $D90615, $161F2100
000008CA 40D9 FB21 117F 369F 36BF+  		dc.l $40D9FB21, $117F369F, $36BF36DF, $36FF2186, $18112700
000008DE 0610 36FF 1905 20FA 2AB7+  		dc.l $61036FF, $190520FA, $2AB70222, $B3022AC4, $222B502
000008F2 3EC9 32B7 02CD 4100 CDB7+  		dc.l $3EC932B7, $2CD4100, $CDB702CD, $203CDB7, $2CD4100
00000906 0600 3A40 00D6 0138 0B32+  		dc.l $6003A40, $D60138, $B324000, $CD6600CD, $41000601
0000091A CDB7 023A C108 D601 3805+  		dc.l $CDB7023A, $C108D601, $380532C1, $8CBC878, $B7281532
0000092E C208 CDC8 0ECD 4100 CD06+  		dc.l $C208CDC8, $ECD4100, $CD0608CD, $4100CD58, $4CD4100
00000942 CDC6 0F3A 3600 473A 3700+  		dc.l $CDC60F3A, $3600473A, $3700B8CA, $F708CDD1, $1FEFFC2
00000956 F708 CDD1 01FE 00CA D609+  		dc.l $F708CDD1, $1FE00CA, $D609FE01, $CAEA09FE, $2CAF809
0000096A FE03 CAFE 09FE 04CA 070A+  		dc.l $FE03CAFE, $9FE04CA, $70AFE05, $CA4B0AFE, $6CA540A
0000097E FE07 CA6D 0AFE 0BCA 960A+  		dc.l $FE07CA6D, $AFE0BCA, $960AFE0C, $CAB10AFE, $DCAC90A
00000992 FE0E CACF 0AFE 10CA 840A+  		dc.l $FE0ECACF, $AFE10CA, $840AFE12, $CA8D0AFE, $14CAE60A
000009A6 FE16 CAF2 0AFE 17CA 120B+  		dc.l $FE16CAF2, $AFE17CA, $120BFE1A, $CA4F0BFE, $1BCA640B
000009BA FE1C CA75 0BFE 1DCA 7F0B+  		dc.l $FE1CCA75, $BFE1DCA, $7F0BFE1E, $CA100AFE, $1FCAA80B
000009CE FE20 CAB4 0BC3 F708 CDA5+  		dc.l $FE20CAB4, $BC3F708, $CDA50847, $CD511122, $5604CDD1
000009E2 014F CD06 12C3 F708 CDD1+  		dc.l $14FCD06, $12C3F708, $CDD10147, $CDD1014F, $CD9E16C3
000009F6 F708 CD28 17C3 F708 CDD1+  		dc.l $F708CD28, $17C3F708, $CDD101CD, $6617C3F7, $8CDD101
00000A0A CD56 0FC3 F708 CDD1 014F+  		dc.l $CD560FC3, $F708CDD1, $14FCDD1, $1672E00, $DD21801B
00000A1E 1120 0006 10DD CB06 4628+  		dc.l $11200006, $10DDCB06, $462813DD, $7E0EB920, $DDD7E0F
00000A32 BC20 077D CD56 0FC3 F708+  		dc.l $BC20077D, $CD560FC3, $F708DD19, $2C0520E1, $CDD101CD
00000A46 D101 C3F7 08CD D101 CD1B+  		dc.l $D101C3F7, $8CDD101, $CD1B0EC3, $F708CDA5, $847CDD1
00000A5A 01DD 771D DDCB 0676 C2F7+  		dc.l $1DD771D, $DDCB0676, $C2F7084F, $58CD2D0E, $C3F708CD
00000A6E A508 CDD1 01B7 2807 DDCB+  		dc.l $A508CDD1, $1B72807, $DDCB06F6, $C3F708DD, $CB06B6C3
00000A82 F708 CDD1 01CD DF0B C3F7+  		dc.l $F708CDD1, $1CDDF0B, $C3F708CD, $D101CD9E, $CC3F708
00000A96 21A5 0A06 0CCD D101 7723+  		dc.l $21A50A06, $CCDD101, $772310F9, $C3F70800
00000AA6 0000 0000 0000 0000        		dc.l 0, 0
00000AAE 0000 00DD                  		dc.b $00, $00, $00, $DD
00000AB2 2180 1B06 1011 2000 DDCB+  		dc.l $21801B06, $10112000, $DDCB06A6, $DD190520, $F7CDF90C
00000AC6 C3F7 08CD 890B C3F7 08CD+  		dc.l $C3F708CD, $890BC3F7, $8CDA508, $CDD101B7, $2807DDCB
00000ADA 06FE C3F7 08DD CB06 BEC3+  		dc.l $6FEC3F7, $8DDCB06, $BEC3F708, $CDA508CD, $D101DD77
00000AEE 1CC3 F708 DD21 801B 1120+  		dc.l $1CC3F708, $DD21801B, $11200006, $10DD3606, $DD360B
00000B02 00DD 360C 00DD 1905 20EF+  		dc.l $DD360C, $DD1905, $20EFCDF9, $CC3F708, $CDD1014F
00000B16 CDD1 0167 CDD1 016F DD21+  		dc.l $CDD10167, $CDD1016F, $DD21801B, $11200006, $10DDCB06
00000B2A 4628 1ADD 7E0E B920 14DD+  		dc.l $46281ADD, $7E0EB920, $14DD7E0F, $BC200ECB, $452006DD
00000B3E CB06 8E18 04DD CB06 CE05+  		dc.l $CB068E18, $4DDCB06, $CE05CAF7, $8DD1918, $D8CDD101
00000B52 CD51 11CD D101 477E FE01+  		dc.l $CD5111CD, $D101477E, $FE01C2F7, $82370C3, $F708CDD1
00000B66 0116 005F 2122 1B19 CDD1+  		dc.l $116005F, $21221B19, $CDD10177, $C3F708CD, $A508DDCB
00000B7A 06EE C3F7 08CD A508 DDCB+  		dc.l $6EEC3F7, $8CDA508, $DDCB06AE, $C3F708DD, $21801B06
00000B8E 1011 2000 DDCB 066E 200A+  		dc.l $10112000, $DDCB066E, $200ADDCB, $6462804, $DDCB06E6
00000BA2 05C8 DD19 18EA CDA5 08CD+  		dc.l $5C8DD19, $18EACDA5, $8CDD101, $DD771EC3, $F708CDD1
00000BB6 0132 CF15 C3F7 0800        		dc.l $132CF15, $C3F70800
00000BBE 0000 0000 0000 0000 0000+  		dc.l 0, 0, 0, 0, 0, 0, 0, 0
00000BDE 0016 0032 DE0B 5FCB 232A+  		dc.l $160032, $DE0B5FCB, $232AAB0A, $3AAD0A19, $CE000E02
00000BF2 11BD 0BCD F901 ED5B BD0B+  		dc.l $11BD0BCD, $F901ED5B, $BD0B2AAB, $A3AAD0A, $19CE000E
00000C06 2111 BD0B CDF9 013A BD0B+  		dc.l $2111BD0B, $CDF9013A, $BD0BB7C8, $DD21801B, $FD21760F
00000C1A 1120 000E 0021 BE0B 0610+  		dc.l $1120000E, $21BE0B, $610DD7E, $6E62120, $6BDD3606
00000C2E 113A AB0A 8623 DD77 033A+  		dc.l $113AAB0A, $8623DD77, $33AAC0A, $8E23DD77, $43AAD0A
00000C42 CE00 DD77 05DD 3600 FFDD+  		dc.l $CE00DD77, $5DD3600, $FFDD3601, $FFDD3602, $FFDD3607
00000C56 FFDD 3608 FF3A DE0B DD77+  		dc.l $FFDD3608, $FF3ADE0B, $DD770EDD, $710FDD36, $1000DD36
00000C6A 1300 DD36 1600 DD36 1900+  		dc.l $1300DD36, $1600DD36, $1900DD36, $1D00DD36, $1C00DD36
00000C7E 1E00 FD36 2000 FD36 3000+  		dc.l $1E00FD36, $2000FD36, $3000FD36, $FD36, $10000C3A
00000C92 BD0B B9C8 05C8 DD19 FD23+  		dc.l $BD0BB9C8, $5C8DD19, $FD231886, $DD21801B, $11200006
00000CA6 10DD CB06 4628 1BDD CB06+  		dc.l $10DDCB06, $46281BDD, $CB066E20, $15FEFF28, $5DDBE0E
00000CBA 200C DD36 0600 DD36 0B00+  		dc.l $200CDD36, $600DD36, $B00DD36, $C00DD19, $520DACD
00000CCE F90C C9DD 2180 1B11 2000+  		dc.l $F90CC9DD, $21801B11, $20000610, $DDCB0646, $280FDDCB
00000CE2 066E 2009 DDBE 0E20 04DD+  		dc.l $66E2009, $DDBE0E20, $4DDCB06, $A6DD1905, $20E6CDF9
00000CF6 0CC9 00DD 2191 171E 00CD+  		dc.l $CC900DD, $2191171E, $CD420D, $DD21BC17, $1E01CD42
00000D0A 0DDD 21D2 171E 01CD 420D+  		dc.l $DDD21D2, $171E01CD, $420DFD21, $AA0EFD23, $FD7E00CB
00000D1E 7FC0 CB77 20F4 0600        		dc.l $7FC0CB77, $20F40600
00000D26 CB27 CB27 CB27 CB27        		dc.l $CB27CB27, $CB27CB27
00000D2E CB27 4FCB 1021 861B 09CB+  		dc.l $CB274FCB, $1021861B, $9CB66C2, $180DFDCB, $F618D6
00000D42 DD7E 00FE FFC8 5706 00DD+  		dc.l $DD7E00FE, $FFC85706, $DD4E03
00000D4E CB21 CB21 CB21 CB21        		dc.l $CB21CB21, $CB21CB21
00000D56 CB21 CB10 2186 1B09 CB66+  		dc.l $CB21CB10, $21861B09, $CB66C204, $E7AE607, $F680DD77
00000D6A 00DD 3604 00DD 3605 00DD+  		dc.l $DD3604, $DD3605, $DD3606, $E60732, $F80CCB43, $C20C0ECB
00000D82 6A28 133E C932 B702 3202+  		dc.l $6A28133E, $C932B702, $32020321, $40362B, $233600C3
00000D96 040E 1600 FE03 3804 D604+  		dc.l $40E1600, $FE033804, $D6041602, $D55F2640, $2E003E40
00000DAA 8347 0E7F 3E80 A6FA AF0D+  		dc.l $83470E7F, $3E80A6FA, $AF0D6A70, $2C712E00, $3E448347
00000DBE 0E7F 3E80 A6FA C10D 6A70+  		dc.l $E7F3E80, $A6FAC10D, $6A702C71, $2E003E48, $83470E7F
00000DD2 3E80 A6FA D30D 6A70 2C71+  		dc.l $3E80A6FA, $D30D6A70, $2C712E00, $3E4C8347, $E7F3E80
00000DE6 A6FA E50D 6A70 2C71 D13A+  		dc.l $A6FAE50D, $6A702C71, $D13AF80C, $FD210040, $7FFDCB00
00000DFA 7E20 FAFD 3600 28FD 7701+  		dc.l $7E20FAFD, $360028FD, $77010107, $DD09C3, $420DFD21
00000E0E 0900 4F06 00FD 09FD 3600+  		dc.l $9004F06, $FD09FD, $36000418, $E911DA00, $CD5911AF
00000E22 CB25 CB14 176C 6722 BE08+  		dc.l $CB25CB14, $176C6722, $BE08C9DD, $46061600, $FD21760F
00000E36 FD19 DD21 AB0E DD7E 00CB+  		dc.l $FD19DD21, $AB0EDD7E, $CB7F20, $7BB2816, $DD2318F2
00000E4A DD21 AB0E DD7E 00CB 7FC0+  		dc.l $DD21AB0E, $DD7E00CB, $7FC0CB77, $2004DD23, $18F2CB58
00000E5E 2802 CBEB DD73 00DD 360D+  		dc.l $2802CBEB, $DD7300DD, $360D0006, $CB212A, $A80A3AAA
00000E72 0A09 CE00 0E02 1126 17CD+  		dc.l $A09CE00, $E021126, $17CDF901, $ED5B2617, $2AA80A3A
00000E86 AA0A 19CE 000E 2016 1EDD+  		dc.l $AA0A19CE, $E2016, $1EDD5E19, $CDF90116, $1EDD5E19
00000E9A 1AFD 7720 131A FD77 3013+  		dc.l $1AFD7720, $131AFD77, $3013DD73, $5DD7209, $C9404040
00000EAE 40FF 0000                  		dc.l $40FF0000
00000EB2 0000 0000 0000 0000 0000+  		dc.l 0, 0, 0, 0
00000EC2 0000 80A0                  		dc.b $00, $00, $80, $A0
00000EC6 C0                         		dc.b $C0
00000EC7 E0DD 21                    		dc.b $E0, $DD, $21
00000ECA AB0E CDB7 02DD 4E00 CB79+  		dc.l $AB0ECDB7, $2DD4E00, $CB79C0CB, $712804DD, $2318EF3A
00000EDE C208 CB69 2006 CB4F 2006+  		dc.l $C208CB69, $2006CB4F, $200618EF, $CB4728EB, $DD7E0DD6
00000EF2 0130 1FDD 6E05 DD66 097E+  		dc.l $1301FDD, $6E05DD66, $97ED601, $383E2346, $DD701123
00000F06 46DD 7015 23CD B702 DD75+  		dc.l $46DD7015, $23CDB702, $DD7505DD, $7409FD21, $760F0600
00000F1A CBA9 FD09 DD77 0DFD 7E20+  		dc.l $CBA9FD09, $DD770DFD, $7E20DD86, $11FD7720, $FD7E30DD
00000F2E 8E15 FD77 30FD CB40 C63E+  		dc.l $8E15FD77, $30FDCB40, $C63E0132, $750F189B, $FD21760F
00000F42 0600 CBA9 FD09 FD36 2000+  		dc.l $600CBA9, $FD09FD36, $2000FD36, $3000DD36, $4018DD
00000F56 4F06 00DD 2176 0FDD 09CD+  		dc.l $4F0600DD, $21760FDD, $9CDD101, $DD7700CD, $D101DD77
00000F6A 10DD CB40 C63E 0132 750F+  		dc.l $10DDCB40, $C63E0132, $750FC900
00000F76 0000 0000 0000 0000 0000+  		dc.l 0, 0, 0, 0, 0, 0, 0, 0, 0, 0, 0, 0, 0, 0, 0, 0, 0, 0, 0, 0
00000FC6 3A75 0FB7 C8AF 3275 0FCD+  		dc.l $3A750FB7, $C8AF3275, $FCD4100, $FD219117, $CDB702FD
00000FDA 7E00 FEFF 2863 E607 47FD+  		dc.l $7E00FEFF, $2863E607, $47FD4E02, $FD5E033E, $DD2176
00000FEE 0F16 00DD 19DD CB40 4628+  		dc.l $F1600DD, $19DDCB40, $462843CD, $A810ED53, $2D141600
00001002 78FE 0338 04D6 0416 025F+  		dc.l $78FE0338, $4D60416, $25F2640, $FDE5FD21, $2D142E00
00001016 3EA4 8347 FD4E 013E 80A6+  		dc.l $3EA48347, $FD4E013E, $80A6FA1E, $106A702C, $712E003E
0000102A A083 47FD 4E00 3E80 A6FA+  		dc.l $A08347FD, $4E003E80, $A6FA3110, $6A702C71, $FDE11107
0000103E 00FD 1918 93FD 21BC 17CD+  		dc.l $FD1918, $93FD21BC, $17CDB702, $FD7E00FE, $FF2849E6
00001052 0747 FD4E 02FD 5E03 3E01+  		dc.l $747FD4E, $2FD5E03, $3E01DD21, $760F1600, $DD19DDCB
00001066 4046 2829 CDA8 10CD        		dc.l $40462829, $CDA810CD
0000106E B7                         		dc.b $B7
0000106F 02                         		dc.b 2
00001070 CB08                       		dc.w $CB08
00001072 CB08 CB08 7BE6 0FF6 80B0+  		dc.l $CB08CB08, $7BE60FF6, $80B03211, $7FCB3ACB
00001082 1BCB 3ACB 1BCB 3ACB 1BCB+  		dc.l $1BCB3ACB, $1BCB3ACB, $1BCB3ACB
0000108E 1B7B 3211 7F11 0700 FD19+  		dc.l $1B7B3211, $7F110700, $FD1918AD, $21B60F3E, $10360023
000010A2 3D20 FAC9 0000 C5E5 CDB7+  		dc.l $3D20FAC9, $C5E5, $CDB70247, $DD7E00DD, $86205FDD
000010B6 7E10 DD8E 3057 ED53 A610+  		dc.l $7E10DD8E, $3057ED53, $A610CDB7, $27982FE, $603812CB
000010CA 7A28 073E 0032 A610 1807+  		dc.l $7A28073E, $32A610, $18073EFF, $32A6103E, $5FCDB702
000010DE CB40 2020 0E00 FE30 3804+  		dc.l $CB402020, $E00FE30, $3804D630, $CBD1FE18, $3804D618
000010F2 CBC9 FE0C 3804 D60C CBC1+  		dc.l $CBC9FE0C, $3804D60C, $CBC1DD21, $6811180D, $D6213005
00001106 3E00 32A6 10DD 2182 1107+  		dc.l $3E0032A6, $10DD2182, $11075F16, $DD19CD, $B702DD7E
0000111A 02DD 9600 5FDD 7E03 DD9E+  		dc.l $2DD9600, $5FDD7E03, $DD9E0157, $3AA610CD, $5911CDB7
0000112E 022E 00CB 7C28 022E FFDD+  		dc.l $22E00CB, $7C28022E, $FFDD7E00, $845FDD7E, $18D57CB
00001142 4020 0679 0707 07B2 57E1+  		dc.l $40200679, $70707B2, $57E1C1CD, $B702C921, $86181127
00001156 0018 0321 0000 CB3F 3001+  		dc.l $180321, $CB3F, $300119C8, $CB23CB12, $18F48402, $AA02D302
0000116E FE02 2B03 5B03 8E03 C503+  		dc.l $FE022B03, $5B038E03, $C503FE03, $3B047B04, $BF040805
00001182 F903 C003 8A03 5703 2703+  		dc.l $F903C003, $8A035703, $2703FA02, $CF02A702, $81025D02
00001196 3B02 1B02 FC01 E001 C501+  		dc.l $3B021B02, $FC01E001, $C501AC01, $94017D01, $68015301
000011AA 4001 2E01 1D01 0D01 FE00+  		dc.l $40012E01, $1D010D01, $FE00F000, $E200D600, $CA00BE00
000011BE B400 AA00 A000 9700 8F00+  		dc.l $B400AA00, $A0009700, $8F008700, $7F007800, $71006B00
000011D2 6500 5F00                  		dc.l $65005F00
000011D6 5A00                       		dc.b $5A, $00
000011D8 5500                       		dc.w $5500
000011DA 5000 4C00 4700 4300 4000+  		dc.l $50004C00, $47004300, $40003C00, $39003500, $32002F00
000011EE 2D00 2A00 2800 2600 2300+  		dc.l $2D002A00, $28002600, $23002100, $20001E00, $1C001C00
00001202 0000 0000                  		dc.l 0
00001206 CDB7 023A CF15 DD86 1EF2+  		dc.l $CDB7023A, $CF15DD86, $1EF21412, $3E7F3205, $12ED4302
0000121A 12CD 0203 CD41 002A 5604+  		dc.l $12CD0203, $CD41002A, $56047EFE, $CA2F14, $FE01CAF7
0000122E 12FE 02CA 4312 FE03 CA3A+  		dc.l $12FE02CA, $4312FE03, $CA3A12C9, $FD21D217, $CD411818
00001242 07FD 21BC 17CD DE17 FEFF+  		dc.l $7FD21BC, $17CDDE17, $FEFFC8CD, $59163E01, $58DD2176
00001256 0F16 00DD 19CD A810 DD2A+  		dc.l $F1600DD, $19CDA810, $DD2A5604, $DD233A04, $124F0600
0000126A FD21 0900 FD09 7BE6 0FFD+  		dc.l $FD210900, $FD097BE6, $FFD771C
00001276 CB3A CB1B CB3A CB1B CB3A+  		dc.l $CB3ACB1B, $CB3ACB1B, $CB3ACB1B, $CB3ACB1B
00001286 FD73 203A 0412 FE03 2034+  		dc.l $FD73203A, $412FE03, $203421CA, $17CBAEDD, $7E00E603
0000129A FE03 2020 2111 7FFD 7E1C+  		dc.l $FE032020, $21117FFD, $7E1CF6C0, $77FD7E20, $7721CA17
000012AE 36A2 2323 ED4B 0212 7123+  		dc.l $36A22323, $ED4B0212, $71237021, $B003604, $DD7E00FD
000012C2 771C DD7E 01FD 7708 DD7E+  		dc.l $771CDD7E, $1FD7708, $DD7E02CB, $27CB27CB, $27CB27FD
000012D6 7710 DD7E 03CB 27CB 27CB+  		dc.l $7710DD7E, $3CB27CB, $27CB27CB, $27FD7724, $DD7E04FD
000012EA 770C DD7E 05FD 7714 FDCB+  		dc.l $770CDD7E, $5FD7714, $FDCB00C6, $C9FD21AD, $17CD4118
000012FE FEFF C8CB 7F20 1F3E C932+  		dc.l $FEFFC8CB, $7F201F3E, $C932B702, $7ECB6F20, $15E607FD
00001312 2100 407F FDCB 007E 20FA+  		dc.l $2100407F, $FDCB007E, $20FAFD36, $28FD77, $17ECD59
00001326 1621 AD17 CBEE 79D6 3030+  		dc.l $1621AD17, $CBEE79D6, $303002C6, $604F0600, $2AAE0A3A
0000133A B00A CB21 CB10 CB21 CB10+  		dc.l $B00ACB21, $CB10CB21, $CB1009CE, $CB21CB, $1009CE00
0000134E 0E0C 1121 14CD F901 ED4B+  		dc.l $E0C1121, $14CDF901, $ED4B2714, $78B12006, $21AD1736
00001362 C6C9 2A56 0423 7EFE 0428+  		dc.l $C6C92A56, $4237EFE, $4280A47, $3A2114E6, $F0B03221
00001376 14D9 1E00 3624 233A 2114+  		dc.l $14D91E00, $3624233A, $2114E60F, $ED44CB2F, $CB2F772B
0000138A 3625 233A 2114 E60F ED44+  		dc.l $3625233A, $2114E60F, $ED44E603, $772B362B, $2336802B
0000139E 3627 2370 2BD9 FD21 0240+  		dc.l $36272370, $2BD9FD21, $2403EC0, $FDCB007E, $20FAFD36
000013B2 00B6 FD77 01ED 4BAE 0A3A+  		dc.l $B6FD77, $1ED4BAE, $A3AB00A, $572A2214, $3A241409
000013C6 8AED 4B25 1409 CE00 22FC+  		dc.l $8AED4B25, $1409CE00, $22FC0232, $FE022A27, $1422FF02
000013DA 3E00 3202 0332 FB02 3A21+  		dc.l $3E003202, $332FB02, $3A2114CB, $673E0428, $13C3201
000013EE 03CD 1003 3ED9 32B7 023E+  		dc.l $3CD1003, $3ED932B7, $23E0832, $B8023A21, $14E60FFE
00001402 0A3E 0030 023E C932 CF02+  		dc.l $A3E0030, $23EC932, $CF023A21, $14CB7F21, $2807, $2AB502D9
0000141A 0EAA D922 C402 C900        		dc.l $EAAD922, $C402C900
00001422 0000 0000 0000 0000 0000+  		dc.l 0, 0, 0
0000142E 0023 2356 CB72 2809 FD21+  		dc.l $232356, $CB722809, $FD21B417, $CD411818, $7FD2191
00001442 17CD DE17 CDB7 02FE FFC8+  		dc.l $17CDDE17, $CDB702FE, $FFC8CB7F, $2015E607, $FD210040
00001456 7FFD CB00 7E20 FAFD 3600+  		dc.l $7FFDCB00, $7E20FAFD, $360028FD, $77017ED5, $CD5916D1
0000146A CB72 2015 3E00 58DD 2176+  		dc.l $CB722015, $3E0058DD, $21760F16, $DD19CD, $A810ED53
0000147E 2D14 CDB7 02DD 2A56 04DD+  		dc.l $2D14CDB7, $2DD2A56, $4DD233A, $4124FFD, $210040FE
00001492 0220 1EDD 7E01 F615 D947+  		dc.l $2201EDD, $7E01F615, $D947D9DD, $7E01F605, $672E27FD
000014A6 CB00 7E20 FA7D 3200 407C+  		dc.l $CB007E20, $FA7D3200, $407C3201, $40160079, $FE033804
000014BA D604 1602 5FDD 6600 CB5C+  		dc.l $D6041602, $5FDD6600, $CB5C2810, $2E22FDCB, $7E20FA
000014CE 7D32 0040 7C32 0140 C521+  		dc.l $7D320040, $7C320140, $C521C615, $600DD7E, $2E6074F
000014E2 097E 32CE 1526 4001 1C16+  		dc.l $97E32CE, $15264001, $1C16CDD0, $15DDCB01, $76202DFD
000014F6 212D 142E 003E A483 47FD+  		dc.l $212D142E, $3EA483, $47FD4E01, $3E80A6FA, $3156A70
0000150A 2C71 2E00 3EA0 8347 FD4E+  		dc.l $2C712E00, $3EA08347, $FD4E003E, $80A6FA16, $156A702C
0000151E 71C3 A615 FD21 0040 DD7E+  		dc.l $71C3A615, $FD210040, $DD7E1CFD, $CB007E20, $FAFD3600
00001532 A6FD 7701 DD7E 1DFD CB00+  		dc.l $A6FD7701, $DD7E1DFD, $CB007E20, $FAFD3600, $A2FD7701
00001546 DD7E 1EFD CB00 7E20 FAFD+  		dc.l $DD7E1EFD, $CB007E20, $FAFD3600, $ACFD7701, $DD7E1FFD
0000155A CB00 7E20 FAFD 3600 A8FD+  		dc.l $CB007E20, $FAFD3600, $A8FD7701, $DD7E20FD, $CB007E20
0000156E FAFD 3600 ADFD 7701 DD7E+  		dc.l $FAFD3600, $ADFD7701, $DD7E21FD, $CB007E20, $FAFD3600
00001582 A9FD 7701 DD7E 22FD CB00+  		dc.l $A9FD7701, $DD7E22FD, $CB007E20, $FAFD3600, $AEFD7701
00001596 DD7E 23FD CB00 7E20 FAFD+  		dc.l $DD7E23FD, $CB007E20, $FAFD3600, $AAFD7701, $DD7E24CB
000015AA 27CB 27CB 27CB 27C1 B1FD+  		dc.l $27CB27CB, $27CB27C1, $B1FD2100, $407FFDCB, $7E20FA
000015BE FD36 0028 FD77 01C9 0808+  		dc.l $FD360028, $FD7701C9, $8080808, $A0E0E0F, $AB7, $C8032E00
000015D6 CB7E 20FC 6A83 772C 0AB7+  		dc.l $CB7E20FC, $6A83772C, $AB7CA17, $16F21116, $E67FE521
000015EA CE15 CB1E D210 16D5 32F9+  		dc.l $CE15CB1E, $D21016D5, $32F9153E, $7FDD9600, $F5CB275F
000015FE 1600 3A05 12CD 5911 F194+  		dc.l $16003A05, $12CD5911, $F194673E, $7F94D1E1, $1807E132
00001612 1616 DD7E 0077 03C3 D015+  		dc.l $1616DD7E, $7703C3, $D015B002, $B4033004, $40855006
00001626 6007 7008 8009 9000 3810+  		dc.l $60077008, $80099000, $38104891, $58126813, $78148815
0000163A 9800 340A 448B 540C 640D+  		dc.l $9800340A, $448B540C, $640D740E, $840F9400, $3C164C97
0000164E 5C18 6C19 7C1A 8C1B 9C00+  		dc.l $5C186C19, $7C1A8C1B, $9C0000E6, $7320412, $77DD5E0B
00001662 DD56 0C7A B328 02CB E6DD+  		dc.l $DD560C7A, $B32802CB, $E6DDCB06, $5E2802CB, $DE23DD7E
00001676 1C77 ED4B 0212 2371 2370+  		dc.l $1C77ED4B, $2122371, $23702373, $23722336, $FECDB702
0000168A DDCB 0676 C8C5 DD4E 1D58+  		dc.l $DDCB0676, $C8C5DD4E, $1D58CD2D, $ECDB702, $C1C90000
0000169E ED43 9C16 DD21 9117 CDB7+  		dc.l $ED439C16, $DD219117, $CDB702CD, $5818FEFF, $281FE627
000016B2 FE26 2815 E607 FD21 0040+  		dc.l $FE262815, $E607FD21, $407FFD, $CB007E20, $FAFD3600
000016C6 28FD 7701 C9CD 1217 C9ED+  		dc.l $28FD7701, $C9CD1217, $C9ED4B9C, $16DD21BC, $17CDB702
000016DA CD58 18FE FF28 10E6 03DD+  		dc.l $CD5818FE, $FF2810E6, $3DD2109, $4F0600, $DD09DDCB
000016EE 00CE C9ED 4B9C 16DD 21D2+  		dc.l $CEC9ED, $4B9C16DD, $21D217CD, $B702CD58, $18FEFFC8
00001702 E603 DD21 0900 4F06 00DD+  		dc.l $E603DD21, $9004F06, $DD09DD, $CB00CEC9, $3A2114CB
00001716 6F20 07CB 67C8 3E06 1802+  		dc.l $6F2007CB, $67C83E06, $18023E07, $320103C9, $CDA5
0000172A 08CD 5111 2256 04CD D101+  		dc.l $8CD5111, $225604CD, $D101DD77, $D1600DD, $5E0DCB23
0000173E 2AA5 0A3A A70A 19CE 000E+  		dc.l $2AA50A3A, $A70A19CE, $E0211, $2617CDF9, $1ED5B26
00001752 172A A50A 3AA7 0A19 CE00+  		dc.l $172AA50A, $3AA70A19, $CE000E27, $ED5B5604, $CDF901C9
00001766 470E 10DD 2180 1B21 8618+  		dc.l $470E10DD, $21801B21, $86182256, $478DDBE, $D2005C5
0000177A CD37 17C1 1120 00DD 1911+  		dc.l $CD3717C1, $112000DD, $19112700, $2A560419, $2256040D
0000178E 20E3 C980 0050 0000 0000+  		dc.l $20E3C980, $500000, $8100, $50000000, $840050, 0
000017A6 8500                       		dc.b $85, $00
000017A8 5000                       		dc.w $5000
000017AA 0000 0086                  		dc.b $00, $00, $00, $86
000017AE 0050 0000 0000 8200 5000+  		dc.l $500000, $8200, $50000000, $FF8000, $50000000, $810050
000017C6 0000 0000                  		dc.l 0
000017CA 8200                       		dc.b $82, $00
000017CC 5000                       		dc.w $5000
000017CE 0000 00FF                  		dc.b $00, $00, $00, $FF
000017D2 8300 5000                  		dc.l $83005000
000017D6 0000 00FF                  		dc.b $00, $00, $00, $FF
000017DA 0000 0000                  		dc.b $00, $00, $00, $00
000017DE 0EFF 2EFF 1107 00DD 6606+  		dc.l $EFF2EFF, $110700DD, $66061802, $FD19CDB7, $2FD7E00
000017F2 FEFF 2831 CB6F 20F0 CB7F+  		dc.l $FEFF2831, $CB6F20F0, $CB7F200D, $FD7E01B9, $30E64FFD
00001806 22DA 1718 DFFD 7E03 B820+  		dc.l $22DA1718, $DFFD7E03, $B82009CB, $7C2005FD, $E5E17EC9
0000181A FD7E 06BD 30CA 6FFD 22DC+  		dc.l $FD7E06BD, $30CA6FFD, $22DC1718, $C37DFEFF, $28052ADC
0000182E 177E C979 DDBE 1C28 0538+  		dc.l $177EC979, $DDBE1C28, $538033E, $FFC92ADA, $177EC9CD
00001842 B702 FD7E 00CB 7F28 04FD+  		dc.l $B702FD7E, $CB7F28, $4FDE5E1, $C9FD7E01, $FD22DA17
00001856 18DA 1107 0018 02DD 19DD+  		dc.l $18DA1107, $1802DD, $19DD7E00, $67FEFFC8, $CB7F20F3
0000186A DD7E 02B9 20ED DD7E 03B8+  		dc.l $DD7E02B9, $20EDDD7E, $3B820E7, $7CE627FE, $262807E6
0000187E 27F6 C0DD 7700 7CC9        		dc.l $27F6C0DD, $77007CC9
